Array
(
    [password] => $2y$12$Ohup9UuyMpxXSX4jn7BrTeK/tBygu7GwAAnTZhQXrlKQnzjIzj8wK
    [email] => liuda@gmail.com
    [friends] => Array
        (
        )

    [email_notifications] => 1
    [push_notifications] => 1
    [debt_reminder_period] => weekly
    [firebase_cloud_messaging_token] => d18HUV7dTO-C2zpYOQhU2H:APA91bGxRSuKFCu9lO77XoFBWy5ZeskCCPgLUh-W9veX8ZLD7GiWZM_-REKqPDMH3iHxVERLZEOnS8TsoYno7bKLLUUIRMy5GjdWwEWvs-GX6VyfimCuCFE
    [social_type] => 
    [social_id] => 
    [email_verified_at] => 
    [name] => AbsudalautrfgvAbsudalautrfgvAbsudalautrfgvAbsudalautrfgv
    [avatar] => 
    [id] => 5
    [currency] => USD
    [balance] => 
    [avatar_color] => 0.9921568627450981, 0.4745098039215686, 0.6588235294117647, 1.00
)
Array
(
    [password] => $2y$12$Ohup9UuyMpxXSX4jn7BrTeK/tBygu7GwAAnTZhQXrlKQnzjIzj8wK
    [email] => liuda@gmail.com
    [friends] => Array
        (
        )

    [email_notifications] => 1
    [push_notifications] => 1
    [debt_reminder_period] => weekly
    [firebase_cloud_messaging_token] => d18HUV7dTO-C2zpYOQhU2H:APA91bGxRSuKFCu9lO77XoFBWy5ZeskCCPgLUh-W9veX8ZLD7GiWZM_-REKqPDMH3iHxVERLZEOnS8TsoYno7bKLLUUIRMy5GjdWwEWvs-GX6VyfimCuCFE
    [social_type] => 
    [social_id] => 
    [email_verified_at] => 
    [name] => AbsudalautrfgvAbsudalautrfgvAbsudalautrfgvAbsudalautrfgv
    [avatar] => 
    [id] => 5
    [currency] => USD
    [balance] => 
    [avatar_color] => 0.9921568627450981, 0.4745098039215686, 0.6588235294117647, 1.00
)
Array
(
    [password] => $2y$12$Ohup9UuyMpxXSX4jn7BrTeK/tBygu7GwAAnTZhQXrlKQnzjIzj8wK
    [email] => liuda@gmail.com
    [friends] => Array
        (
        )

    [email_notifications] => 1
    [push_notifications] => 1
    [debt_reminder_period] => weekly
    [firebase_cloud_messaging_token] => d18HUV7dTO-C2zpYOQhU2H:APA91bGxRSuKFCu9lO77XoFBWy5ZeskCCPgLUh-W9veX8ZLD7GiWZM_-REKqPDMH3iHxVERLZEOnS8TsoYno7bKLLUUIRMy5GjdWwEWvs-GX6VyfimCuCFE
    [social_type] => 
    [social_id] => 
    [email_verified_at] => 
    [name] => AbsudalautrfgvAbsudalautrfgvAbsudalautrfgvAbsudalautrfgv
    [avatar] => 
    [id] => 5
    [currency] => USD
    [balance] => 
    [avatar_color] => 0.9921568627450981, 0.4745098039215686, 0.6588235294117647, 1.00
)
Array
(
    [password] => $2y$12$Ohup9UuyMpxXSX4jn7BrTeK/tBygu7GwAAnTZhQXrlKQnzjIzj8wK
    [email] => liuda@gmail.com
    [friends] => Array
        (
        )

    [email_notifications] => 1
    [push_notifications] => 1
    [debt_reminder_period] => weekly
    [firebase_cloud_messaging_token] => d18HUV7dTO-C2zpYOQhU2H:APA91bGxRSuKFCu9lO77XoFBWy5ZeskCCPgLUh-W9veX8ZLD7GiWZM_-REKqPDMH3iHxVERLZEOnS8TsoYno7bKLLUUIRMy5GjdWwEWvs-GX6VyfimCuCFE
    [social_type] => 
    [social_id] => 
    [email_verified_at] => 
    [name] => AbsudalautrfgvAbsudalautrfgvAbsudalautrfgvAbsudalautrfgv
    [avatar] => 
    [id] => 5
    [currency] => USD
    [balance] => 
    [avatar_color] => 0.9921568627450981, 0.4745098039215686, 0.6588235294117647, 1.00
)
Array
(
    [password] => $2y$12$Ohup9UuyMpxXSX4jn7BrTeK/tBygu7GwAAnTZhQXrlKQnzjIzj8wK
    [email] => liuda@gmail.com
    [friends] => Array
        (
        )

    [email_notifications] => 1
    [push_notifications] => 1
    [debt_reminder_period] => weekly
    [firebase_cloud_messaging_token] => d18HUV7dTO-C2zpYOQhU2H:APA91bGxRSuKFCu9lO77XoFBWy5ZeskCCPgLUh-W9veX8ZLD7GiWZM_-REKqPDMH3iHxVERLZEOnS8TsoYno7bKLLUUIRMy5GjdWwEWvs-GX6VyfimCuCFE
    [social_type] => 
    [social_id] => 
    [email_verified_at] => 
    [name] => AbsudalautrfgvAbsudalautrfgvAbsudalautrfgvAbsudalautrfgv
    [avatar] => 
    [id] => 5
    [currency] => USD
    [balance] => 
    [avatar_color] => 0.9921568627450981, 0.4745098039215686, 0.6588235294117647, 1.00
)
Array
(
    [password] => $2y$12$Ohup9UuyMpxXSX4jn7BrTeK/tBygu7GwAAnTZhQXrlKQnzjIzj8wK
    [email] => liuda@gmail.com
    [friends] => Array
        (
        )

    [email_notifications] => 1
    [push_notifications] => 1
    [debt_reminder_period] => weekly
    [firebase_cloud_messaging_token] => d18HUV7dTO-C2zpYOQhU2H:APA91bGxRSuKFCu9lO77XoFBWy5ZeskCCPgLUh-W9veX8ZLD7GiWZM_-REKqPDMH3iHxVERLZEOnS8TsoYno7bKLLUUIRMy5GjdWwEWvs-GX6VyfimCuCFE
    [social_type] => 
    [social_id] => 
    [email_verified_at] => 
    [name] => AbsudalautrfgvAbsudalautrfgvAbsudalautrfgvAbsudalautrfgv
    [avatar] => 
    [id] => 5
    [currency] => USD
    [balance] => 
    [avatar_color] => 0.9921568627450981, 0.4745098039215686, 0.6588235294117647, 1.00
)
Array
(
    [password] => $2y$12$Ohup9UuyMpxXSX4jn7BrTeK/tBygu7GwAAnTZhQXrlKQnzjIzj8wK
    [email] => liuda@gmail.com
    [friends] => Array
        (
        )

    [email_notifications] => 1
    [push_notifications] => 1
    [debt_reminder_period] => weekly
    [firebase_cloud_messaging_token] => d18HUV7dTO-C2zpYOQhU2H:APA91bGxRSuKFCu9lO77XoFBWy5ZeskCCPgLUh-W9veX8ZLD7GiWZM_-REKqPDMH3iHxVERLZEOnS8TsoYno7bKLLUUIRMy5GjdWwEWvs-GX6VyfimCuCFE
    [social_type] => 
    [social_id] => 
    [email_verified_at] => 
    [name] => AbsudalautrfgvAbsudalautrfgvAbsudalautrfgvAbsudalautrfgv
    [avatar] => 
    [id] => 5
    [currency] => USD
    [balance] => 
    [avatar_color] => 0.9921568627450981, 0.4745098039215686, 0.6588235294117647, 1.00
)
